<?xml version="1.0" encoding="UTF-8"?>
<testsuite xmlns:xsi="http://www.w3.org/2001/XMLSchema-instance" xsi:noNamespaceSchemaLocation="https://maven.apache.org/surefire/maven-surefire-plugin/xsd/surefire-test-report.xsd" version="3.0.2" name="org.pac4j.core.ext.Pac4jBizCompatibilityTest" time="0.013" tests="3" errors="0" skipped="0" failures="0">
  <properties>
[...]
</properties>
  <testcase name="comparesCaptchaCredentialsWithoutCrossTypeCast" classname="org.pac4j.core.ext.Pac4jBizCompatibilityTest" time="0.003"/>
  <testcase name="extractsSignatureWithPac4jCallContext" classname="org.pac4j.core.ext.Pac4jBizCompatibilityTest" time="0.006"/>
  <testcase name="validatesUsernamePasswordWithPac4jCallContext" classname="org.pac4j.core.ext.Pac4jBizCompatibilityTest" time="0.002"/>
</testsuite>