GROUP,PACKAGE,CLASS,INSTRUCTION_MISSED,INSTRUCTION_COVERED,BRANCH_MISSED,BRANCH_COVERED,LINE_MISSED,LINE_COVERED,COMPLEXITY_MISSED,COMPLEXITY_COVERED,METHOD_MISSED,METHOD_COVERED
io.github.easy4j:pac4j-extension-spring,org.pac4j.spring.boot.utils,Pac4jUrlUtils,17,40,1,5,5,7,2,7,1,5
io.github.easy4j:pac4j-extension-spring,org.pac4j.spring.boot,Pac4jOAuthOkClientProperties,0,3,0,0,0,1,0,1,0,1
io.github.easy4j:pac4j-extension-spring,org.pac4j.spring.boot,Pac4jOAuthClientProperties,0,25,0,0,0,7,0,1,0,1
io.github.easy4j:pac4j-extension-spring,org.pac4j.spring.boot,Pac4jOAuthStravaClientProperties,0,6,0,0,0,2,0,1,0,1
io.github.easy4j:pac4j-extension-spring,org.pac4j.spring.boot,Pac4jOAuthCasClientProperties,0,37,0,0,0,15,0,9,0,9
io.github.easy4j:pac4j-extension-spring,org.pac4j.spring.boot,Pac4jOAuthFacebookClientProperties,0,43,0,0,0,17,0,9,0,9
